0 info it worked if it ends with ok
1 verbose cli [ '/Users/shttrdsthtc/.nvm/versions/node/v6.0.0/bin/node',
1 verbose cli   '/Users/shttrdsthtc/.npm-packages/bin/npm',
1 verbose cli   'owner',
1 verbose cli   'ls',
1 verbose cli   'elm-pomodoro' ]
2 info using npm@3.3.12
3 info using node@v6.0.0
4 silly mapToRegistry name elm-pomodoro
5 silly mapToRegistry using default registry
6 silly mapToRegistry registry https://registry.npmjs.org/
7 silly mapToRegistry uri https://registry.npmjs.org/elm-pomodoro
8 verbose request uri https://registry.npmjs.org/elm-pomodoro
9 verbose request no auth needed
10 info attempt registry request try #1 at 12:25:28 AM
11 verbose request id a53e57a301a1d71d
12 http request GET https://registry.npmjs.org/elm-pomodoro
13 http 404 https://registry.npmjs.org/elm-pomodoro
14 verbose headers { 'content-type': 'application/json',
14 verbose headers   'cache-control': 'max-age=0',
14 verbose headers   'content-length': '2',
14 verbose headers   'accept-ranges': 'bytes',
14 verbose headers   date: 'Sat, 24 Sep 2016 04:25:29 GMT',
14 verbose headers   via: '1.1 varnish',
14 verbose headers   age: '0',
14 verbose headers   connection: 'keep-alive',
14 verbose headers   'x-served-by': 'cache-atl6240-ATL',
14 verbose headers   'x-cache': 'MISS',
14 verbose headers   'x-cache-hits': '0',
14 verbose headers   'x-timer': 'S1474691129.021847,VS0,VE178',
14 verbose headers   vary: 'Accept-Encoding' }
15 silly get cb [ 404,
15 silly get   { 'content-type': 'application/json',
15 silly get     'cache-control': 'max-age=0',
15 silly get     'content-length': '2',
15 silly get     'accept-ranges': 'bytes',
15 silly get     date: 'Sat, 24 Sep 2016 04:25:29 GMT',
15 silly get     via: '1.1 varnish',
15 silly get     age: '0',
15 silly get     connection: 'keep-alive',
15 silly get     'x-served-by': 'cache-atl6240-ATL',
15 silly get     'x-cache': 'MISS',
15 silly get     'x-cache-hits': '0',
15 silly get     'x-timer': 'S1474691129.021847,VS0,VE178',
15 silly get     vary: 'Accept-Encoding' } ]
16 error owner ls Couldn't get owner data elm-pomodoro
17 verbose stack Error: Registry returned 404 for GET on https://registry.npmjs.org/elm-pomodoro
17 verbose stack     at makeError (/Users/shttrdsthtc/.npm-packages/lib/node_modules/npm/node_modules/npm-registry-client/lib/request.js:264:12)
17 verbose stack     at CachingRegistryClient.<anonymous> (/Users/shttrdsthtc/.npm-packages/lib/node_modules/npm/node_modules/npm-registry-client/lib/request.js:242:14)
17 verbose stack     at Request._callback (/Users/shttrdsthtc/.npm-packages/lib/node_modules/npm/node_modules/npm-registry-client/lib/request.js:172:14)
17 verbose stack     at Request.self.callback (/Users/shttrdsthtc/.npm-packages/lib/node_modules/npm/node_modules/request/request.js:198:22)
17 verbose stack     at emitTwo (events.js:106:13)
17 verbose stack     at Request.emit (events.js:191:7)
17 verbose stack     at Request.<anonymous> (/Users/shttrdsthtc/.npm-packages/lib/node_modules/npm/node_modules/request/request.js:1082:10)
17 verbose stack     at emitOne (events.js:101:20)
17 verbose stack     at Request.emit (events.js:188:7)
17 verbose stack     at IncomingMessage.<anonymous> (/Users/shttrdsthtc/.npm-packages/lib/node_modules/npm/node_modules/request/request.js:1009:12)
18 verbose statusCode 404
19 verbose pkgid elm-pomodoro
20 verbose cwd /Users/shttrdsthtc/Projects/elm/elm-pomo
21 error Darwin 15.6.0
22 error argv "/Users/shttrdsthtc/.nvm/versions/node/v6.0.0/bin/node" "/Users/shttrdsthtc/.npm-packages/bin/npm" "owner" "ls" "elm-pomodoro"
23 error node v6.0.0
24 error npm  v3.3.12
25 error code E404
26 error 404 Registry returned 404 for GET on https://registry.npmjs.org/elm-pomodoro
26 error 404
26 error 404 'elm-pomodoro' is not in the npm registry.
26 error 404 You should bug the author to publish it (or use the name yourself!)
26 error 404
26 error 404 Note that you can also install from a
26 error 404 tarball, folder, http url, or git url.
27 verbose exit [ 1, true ]
